[01-Mar-2023 09:43:00 UTC] PHP Warning:  Undefined property: stdClass::$publish in C:\Users\Korisnik\Local Sites\praksa\app\public\wp-content\plugins\product-import-export-for-woo\admin\class-wt-import-export-for-woo-admin.php on line 116
[01-Mar-2023 09:50:14 UTC] The Automattic\WooCommerce\Admin\API\Options::get_options function is deprecated since version 3.1.
[01-Mar-2023 09:50:14 UTC] The Automattic\WooCommerce\Admin\API\Options::get_options function is deprecated since version 3.1.
[02-Mar-2023 08:51:56 UTC] The Automattic\WooCommerce\Admin\API\Options::get_options function is deprecated since version 3.1.
[02-Mar-2023 08:51:56 UTC] The Automattic\WooCommerce\Admin\API\Options::get_options function is deprecated since version 3.1.
[02-Mar-2023 10:07:36 UTC] PHP Fatal error:  Uncaught ValueError: fgetcsv(): Argument #3 ($separator) must be a single character in C:\Users\Korisnik\Local Sites\praksa\app\public\wp-content\plugins\product-import-export-for-woo\admin\classes\class-csvreader.php:48
Stack trace:
#0 C:\Users\Korisnik\Local Sites\praksa\app\public\wp-content\plugins\product-import-export-for-woo\admin\classes\class-csvreader.php(48): fgetcsv(Resource id #199, 0, '', '"', '"')
#1 C:\Users\Korisnik\Local Sites\praksa\app\public\wp-content\plugins\product-import-export-for-woo\admin\modules\import\classes\class-import-ajax.php(674): Wt_Import_Export_For_Woo_Basic_Csvreader->get_sample_data('C:\\Users\\Korisn...', true)
#2 C:\Users\Korisnik\Local Sites\praksa\app\public\wp-content\plugins\product-import-export-for-woo\admin\modules\import\classes\class-import-ajax.php(81): Wt_Import_Export_For_Woo_Basic_Import_Ajax->mapping_page()
#3 C:\Users\Korisnik\Local Sites\praksa\app\public\wp-content\plugins\product-import-export-for-woo\admin\modules\import\import.php(1146): Wt_Import_Export_For_Woo_Basic_Import_Ajax->get_steps(Array)
#4 C:\Users\Korisnik\Local Sites\praksa\app\public\wp-includes\class-wp-hook.php(308): Wt_Import_Export_For_Woo_Basic_Import->ajax_main('')
#5 C:\Users\Korisnik\Local Sites\praksa\app\public\wp-includes\class-wp-hook.php(332): WP_Hook->apply_filters('', Array)
#6 C:\Users\Korisnik\Local Sites\praksa\app\public\wp-includes\plugin.php(517): WP_Hook->do_action(Array)
#7 C:\Users\Korisnik\Local Sites\praksa\app\public\wp-admin\admin-ajax.php(188): do_action('wp_ajax_iew_imp...')
#8 {main}
  thrown in C:\Users\Korisnik\Local Sites\praksa\app\public\wp-content\plugins\product-import-export-for-woo\admin\classes\class-csvreader.php on line 48
[02-Mar-2023 11:23:47 UTC] The Automattic\WooCommerce\Admin\API\Options::get_options function is deprecated since version 3.1.
[02-Mar-2023 11:23:47 UTC] The Automattic\WooCommerce\Admin\API\Options::get_options function is deprecated since version 3.1.
[02-Mar-2023 11:23:47 UTC] The Automattic\WooCommerce\Admin\API\Options::get_options function is deprecated since version 3.1.
[02-Mar-2023 11:23:47 UTC] The Automattic\WooCommerce\Admin\API\Options::get_options function is deprecated since version 3.1.
[02-Mar-2023 11:23:47 UTC] The Automattic\WooCommerce\Admin\API\Options::get_options function is deprecated since version 3.1.
[02-Mar-2023 11:23:47 UTC] The Automattic\WooCommerce\Admin\API\Options::get_options function is deprecated since version 3.1.
[09-Mar-2023 08:25:25 UTC] The Automattic\WooCommerce\Admin\API\Options::get_options function is deprecated since version 3.1.
[09-Mar-2023 08:25:25 UTC] The Automattic\WooCommerce\Admin\API\Options::get_options function is deprecated since version 3.1.
[09-Mar-2023 08:25:25 UTC] The Automattic\WooCommerce\Admin\API\Options::get_options function is deprecated since version 3.1.
[09-Mar-2023 08:25:25 UTC] The Automattic\WooCommerce\Admin\API\Options::get_options function is deprecated since version 3.1.
[09-Mar-2023 08:25:25 UTC] The Automattic\WooCommerce\Admin\API\Options::get_options function is deprecated since version 3.1.
[09-Mar-2023 08:25:25 UTC] The Automattic\WooCommerce\Admin\API\Options::get_options function is deprecated since version 3.1.
[09-Mar-2023 08:25:53 UTC] The Automattic\WooCommerce\Admin\API\Options::get_options function is deprecated since version 3.1.
[09-Mar-2023 08:25:53 UTC] The Automattic\WooCommerce\Admin\API\Options::get_options function is deprecated since version 3.1.
[09-Mar-2023 08:25:53 UTC] The Automattic\WooCommerce\Admin\API\Options::get_options function is deprecated since version 3.1.
[09-Mar-2023 08:25:53 UTC] The Automattic\WooCommerce\Admin\API\Options::get_options function is deprecated since version 3.1.
[09-Mar-2023 08:25:53 UTC] The Automattic\WooCommerce\Admin\API\Options::get_options function is deprecated since version 3.1.
[09-Mar-2023 08:25:53 UTC] The Automattic\WooCommerce\Admin\API\Options::get_options function is deprecated since version 3.1.
[10-Mar-2023 08:03:10 UTC] PHP Warning:  Undefined array key "publishable_key" in C:\Users\Korisnik\Local Sites\praksa\app\public\wp-content\plugins\woocommerce-gateway-stripe\includes\admin\class-wc-rest-stripe-account-keys-controller.php on line 196
[10-Mar-2023 08:03:10 UTC] PHP Warning:  Undefined array key "secret_key" in C:\Users\Korisnik\Local Sites\praksa\app\public\wp-content\plugins\woocommerce-gateway-stripe\includes\admin\class-wc-rest-stripe-account-keys-controller.php on line 197
[10-Mar-2023 08:03:10 UTC] PHP Warning:  Undefined array key "test_publishable_key" in C:\Users\Korisnik\Local Sites\praksa\app\public\wp-content\plugins\woocommerce-gateway-stripe\includes\admin\class-wc-rest-stripe-account-keys-controller.php on line 198
[10-Mar-2023 08:03:10 UTC] PHP Warning:  Undefined array key "test_secret_key" in C:\Users\Korisnik\Local Sites\praksa\app\public\wp-content\plugins\woocommerce-gateway-stripe\includes\admin\class-wc-rest-stripe-account-keys-controller.php on line 199
[10-Mar-2023 08:03:10 UTC] PHP Warning:  Undefined array key "publishable_key" in C:\Users\Korisnik\Local Sites\praksa\app\public\wp-content\plugins\woocommerce-gateway-stripe\includes\admin\class-wc-rest-stripe-account-keys-controller.php on line 206
[10-Mar-2023 08:03:10 UTC] PHP Warning:  Undefined array key "secret_key" in C:\Users\Korisnik\Local Sites\praksa\app\public\wp-content\plugins\woocommerce-gateway-stripe\includes\admin\class-wc-rest-stripe-account-keys-controller.php on line 207
[10-Mar-2023 08:03:10 UTC] PHP Warning:  Undefined array key "webhook_secret" in C:\Users\Korisnik\Local Sites\praksa\app\public\wp-content\plugins\woocommerce-gateway-stripe\includes\admin\class-wc-rest-stripe-account-keys-controller.php on line 208
[10-Mar-2023 08:03:15 UTC] The Automattic\WooCommerce\Admin\API\Options::get_options function is deprecated since version 3.1.
[10-Mar-2023 08:03:15 UTC] The Automattic\WooCommerce\Admin\API\Options::get_options function is deprecated since version 3.1.
[10-Mar-2023 08:04:11 UTC] The Automattic\WooCommerce\Admin\API\Options::get_options function is deprecated since version 3.1.
[10-Mar-2023 08:04:11 UTC] The Automattic\WooCommerce\Admin\API\Options::get_options function is deprecated since version 3.1.
[10-Mar-2023 08:35:17 UTC] The Automattic\WooCommerce\Admin\API\Options::get_options function is deprecated since version 3.1.
[10-Mar-2023 08:35:17 UTC] The Automattic\WooCommerce\Admin\API\Options::get_options function is deprecated since version 3.1.
[10-Mar-2023 08:36:46 UTC] The Automattic\WooCommerce\Admin\API\Options::get_options function is deprecated since version 3.1.
[10-Mar-2023 08:36:46 UTC] The Automattic\WooCommerce\Admin\API\Options::get_options function is deprecated since version 3.1.
[10-Mar-2023 08:40:00 UTC] The Automattic\WooCommerce\Admin\API\Options::get_options function is deprecated since version 3.1.
[10-Mar-2023 08:40:00 UTC] The Automattic\WooCommerce\Admin\API\Options::get_options function is deprecated since version 3.1.
[10-Mar-2023 08:53:16 UTC] The Automattic\WooCommerce\Admin\API\Options::get_options function is deprecated since version 3.1.
[10-Mar-2023 08:53:16 UTC] The Automattic\WooCommerce\Admin\API\Options::get_options function is deprecated since version 3.1.
[10-Mar-2023 08:57:07 UTC] The Automattic\WooCommerce\Admin\API\Options::get_options function is deprecated since version 3.1.
[10-Mar-2023 08:57:07 UTC] The Automattic\WooCommerce\Admin\API\Options::get_options function is deprecated since version 3.1.
[14-Mar-2023 09:53:25 UTC] PHP Warning:  Undefined variable $page in C:\Users\Korisnik\Local Sites\praksa\app\public\wp-content\plugins\export\export.php on line 44
[14-Mar-2023 09:53:25 UTC] PHP Warning:  Undefined variable $store_url in C:\Users\Korisnik\Local Sites\praksa\app\public\wp-content\plugins\export\export.php on line 47
[14-Mar-2023 09:53:25 UTC] PHP Warning:  Undefined variable $consumer_key in C:\Users\Korisnik\Local Sites\praksa\app\public\wp-content\plugins\export\export.php on line 52
[14-Mar-2023 09:53:25 UTC] PHP Warning:  Undefined variable $consumer_secret in C:\Users\Korisnik\Local Sites\praksa\app\public\wp-content\plugins\export\export.php on line 52
[14-Mar-2023 09:53:25 UTC] PHP Warning:  Undefined variable $page in C:\Users\Korisnik\Local Sites\praksa\app\public\wp-content\plugins\export\export.php on line 77
[14-Mar-2023 09:53:25 UTC] PHP Warning:  Undefined variable $page in C:\Users\Korisnik\Local Sites\praksa\app\public\wp-content\plugins\export\export.php on line 44
[14-Mar-2023 09:53:25 UTC] PHP Warning:  Undefined variable $store_url in C:\Users\Korisnik\Local Sites\praksa\app\public\wp-content\plugins\export\export.php on line 47
[14-Mar-2023 09:53:25 UTC] PHP Warning:  Undefined variable $consumer_key in C:\Users\Korisnik\Local Sites\praksa\app\public\wp-content\plugins\export\export.php on line 52
[14-Mar-2023 09:53:25 UTC] PHP Warning:  Undefined variable $consumer_secret in C:\Users\Korisnik\Local Sites\praksa\app\public\wp-content\plugins\export\export.php on line 52
[14-Mar-2023 09:53:25 UTC] PHP Warning:  Undefined variable $page in C:\Users\Korisnik\Local Sites\praksa\app\public\wp-content\plugins\export\export.php on line 77
[14-Mar-2023 09:54:19 UTC] PHP Warning:  Undefined variable $page in C:\Users\Korisnik\Local Sites\praksa\app\public\wp-content\plugins\export\export.php on line 44
[14-Mar-2023 09:54:19 UTC] PHP Warning:  Undefined variable $store_url in C:\Users\Korisnik\Local Sites\praksa\app\public\wp-content\plugins\export\export.php on line 47
[14-Mar-2023 09:54:19 UTC] PHP Warning:  Undefined variable $consumer_key in C:\Users\Korisnik\Local Sites\praksa\app\public\wp-content\plugins\export\export.php on line 52
[14-Mar-2023 09:54:19 UTC] PHP Warning:  Undefined variable $consumer_secret in C:\Users\Korisnik\Local Sites\praksa\app\public\wp-content\plugins\export\export.php on line 52
[14-Mar-2023 09:54:19 UTC] PHP Warning:  Undefined variable $page in C:\Users\Korisnik\Local Sites\praksa\app\public\wp-content\plugins\export\export.php on line 77
[14-Mar-2023 09:54:20 UTC] PHP Warning:  Undefined variable $page in C:\Users\Korisnik\Local Sites\praksa\app\public\wp-content\plugins\export\export.php on line 44
[14-Mar-2023 09:54:20 UTC] PHP Warning:  Undefined variable $store_url in C:\Users\Korisnik\Local Sites\praksa\app\public\wp-content\plugins\export\export.php on line 47
[14-Mar-2023 09:54:20 UTC] PHP Warning:  Undefined variable $consumer_key in C:\Users\Korisnik\Local Sites\praksa\app\public\wp-content\plugins\export\export.php on line 52
[14-Mar-2023 09:54:20 UTC] PHP Warning:  Undefined variable $consumer_secret in C:\Users\Korisnik\Local Sites\praksa\app\public\wp-content\plugins\export\export.php on line 52
[14-Mar-2023 09:54:20 UTC] PHP Warning:  Undefined variable $page in C:\Users\Korisnik\Local Sites\praksa\app\public\wp-content\plugins\export\export.php on line 77
[14-Mar-2023 09:54:33 UTC] PHP Parse error:  syntax error, unexpected identifier "narudžbe’", expecting ")" in C:\Users\Korisnik\Local Sites\praksa\app\public\wp-content\plugins\Export_narudzbe\Export_narudzbe.php on line 19
[14-Mar-2023 09:54:34 UTC] PHP Parse error:  syntax error, unexpected identifier "narudžbe’", expecting ")" in C:\Users\Korisnik\Local Sites\praksa\app\public\wp-content\plugins\Export_narudzbe\Export_narudzbe.php on line 19
[14-Mar-2023 09:54:34 UTC] PHP Parse error:  syntax error, unexpected identifier "narudžbe’", expecting ")" in C:\Users\Korisnik\Local Sites\praksa\app\public\wp-content\plugins\Export_narudzbe\Export_narudzbe.php on line 19
[14-Mar-2023 09:55:33 UTC] PHP Parse error:  syntax error, unexpected identifier "narudžbe’", expecting ")" in C:\Users\Korisnik\Local Sites\praksa\app\public\wp-content\plugins\Export_narudzbe-2\Export_narudzbe.php on line 19
[14-Mar-2023 09:55:33 UTC] PHP Parse error:  syntax error, unexpected identifier "narudžbe’", expecting ")" in C:\Users\Korisnik\Local Sites\praksa\app\public\wp-content\plugins\Export_narudzbe-2\Export_narudzbe.php on line 19
[14-Mar-2023 09:55:34 UTC] PHP Parse error:  syntax error, unexpected identifier "narudžbe’", expecting ")" in C:\Users\Korisnik\Local Sites\praksa\app\public\wp-content\plugins\Export_narudzbe-2\Export_narudzbe.php on line 19
