03-02-2023 @ 10:41:13 - ---[ New import started at 2023-03-02 10:41:13 ] PHP Memory: 256 MB, WP Memory: 40 MB
03-02-2023 @ 10:41:13 - Preparing for import.
03-02-2023 @ 10:41:13 - Row :1 - Parsing item.
03-02-2023 @ 10:41:13 - Importing as new product ID:30
03-02-2023 @ 10:41:13 - Row :1 - Processing item.
03-02-2023 @ 10:41:13 - Found simple product object. ID:30
03-02-2023 @ 10:41:13 - Row :1 - Product imported successfully.
03-02-2023 @ 10:41:13 - Row :2 - Parsing item.
03-02-2023 @ 10:41:13 - Importing as new product ID:31
03-02-2023 @ 10:41:13 - Row :2 - Processing item.
03-02-2023 @ 10:41:13 - Found simple product object. ID:31
03-02-2023 @ 10:41:13 - Row :2 - Product imported successfully.
03-02-2023 @ 10:41:13 - Row :3 - Parsing item.
03-02-2023 @ 10:41:13 - Importing as new product ID:32
03-02-2023 @ 10:41:13 - Row :3 - Processing item.
03-02-2023 @ 10:41:13 - Found simple product object. ID:32
03-02-2023 @ 10:41:13 - Row :3 - Product imported successfully.
03-02-2023 @ 10:41:13 - Row :4 - Parsing item.
03-02-2023 @ 10:41:13 - Importing as new product ID:33
03-02-2023 @ 10:41:13 - Row :4 - Processing item.
03-02-2023 @ 10:41:13 - Found simple product object. ID:33
03-02-2023 @ 10:41:13 - Row :4 - Product imported successfully.
03-02-2023 @ 10:41:13 - Row :5 - Parsing item.
03-02-2023 @ 10:41:13 - Importing as new product ID:34
03-02-2023 @ 10:41:13 - Row :5 - Processing item.
03-02-2023 @ 10:41:13 - Found simple product object. ID:34
03-02-2023 @ 10:41:13 - Row :5 - Product imported successfully.
03-02-2023 @ 10:41:13 - ---[ Import ended at 2023-03-02 10:41:13]---
