03-02-2023 @ 11:12:42 - ---[ New import started at 2023-03-02 11:12:42 ] PHP Memory: 256 MB, WP Memory: 40 MB
03-02-2023 @ 11:12:42 - Preparing for import.
03-02-2023 @ 11:12:42 - Row :1 - Parsing item.
03-02-2023 @ 11:12:42 - Importing as new product ID:40
03-02-2023 @ 11:12:42 - Row :1 - Processing item.
03-02-2023 @ 11:12:42 - Found simple product object. ID:40
03-02-2023 @ 11:12:42 - Row :1 - Product imported successfully.
03-02-2023 @ 11:12:42 - Row :2 - Parsing item.
03-02-2023 @ 11:12:42 - Importing as new product ID:41
03-02-2023 @ 11:12:42 - Row :2 - Processing item.
03-02-2023 @ 11:12:42 - Found simple product object. ID:41
03-02-2023 @ 11:12:42 - Row :2 - Product imported successfully.
03-02-2023 @ 11:12:42 - Row :3 - Parsing item.
03-02-2023 @ 11:12:42 - Importing as new product ID:42
03-02-2023 @ 11:12:42 - Row :3 - Processing item.
03-02-2023 @ 11:12:42 - Found simple product object. ID:42
03-02-2023 @ 11:12:42 - Row :3 - Product imported successfully.
03-02-2023 @ 11:12:42 - Row :4 - Parsing item.
03-02-2023 @ 11:12:42 - Importing as new product ID:43
03-02-2023 @ 11:12:42 - Row :4 - Processing item.
03-02-2023 @ 11:12:42 - Found simple product object. ID:43
03-02-2023 @ 11:12:42 - Row :4 - Product imported successfully.
03-02-2023 @ 11:12:42 - Row :5 - Parsing item.
03-02-2023 @ 11:12:42 - Importing as new product ID:44
03-02-2023 @ 11:12:42 - Row :5 - Processing item.
03-02-2023 @ 11:12:42 - Found simple product object. ID:44
03-02-2023 @ 11:12:43 - Row :5 - Product imported successfully.
03-02-2023 @ 11:12:43 - ---[ Import ended at 2023-03-02 11:12:43]---
