03-02-2023 @ 11:13:48 - ---[ New import started at 2023-03-02 11:13:48 ] PHP Memory: 256 MB, WP Memory: 40 MB
03-02-2023 @ 11:13:48 - Preparing for import.
03-02-2023 @ 11:13:48 - Row :1 - Parsing item.
03-02-2023 @ 11:13:48 - Importing as new product ID:45
03-02-2023 @ 11:13:48 - Row :1 - Processing item.
03-02-2023 @ 11:13:48 - Found simple product object. ID:45
03-02-2023 @ 11:13:49 - Row :1 - Product imported successfully.
03-02-2023 @ 11:13:49 - Row :2 - Parsing item.
03-02-2023 @ 11:13:49 - Importing as new product ID:46
03-02-2023 @ 11:13:49 - Row :2 - Processing item.
03-02-2023 @ 11:13:49 - Found simple product object. ID:46
03-02-2023 @ 11:13:49 - Row :2 - Product imported successfully.
03-02-2023 @ 11:13:49 - Row :3 - Parsing item.
03-02-2023 @ 11:13:49 - Importing as new product ID:47
03-02-2023 @ 11:13:49 - Row :3 - Processing item.
03-02-2023 @ 11:13:49 - Found simple product object. ID:47
03-02-2023 @ 11:13:49 - Row :3 - Product imported successfully.
03-02-2023 @ 11:13:49 - Row :4 - Parsing item.
03-02-2023 @ 11:13:49 - Importing as new product ID:48
03-02-2023 @ 11:13:49 - Row :4 - Processing item.
03-02-2023 @ 11:13:49 - Found simple product object. ID:48
03-02-2023 @ 11:13:49 - Row :4 - Product imported successfully.
03-02-2023 @ 11:13:49 - Row :5 - Parsing item.
03-02-2023 @ 11:13:49 - Importing as new product ID:49
03-02-2023 @ 11:13:49 - Row :5 - Processing item.
03-02-2023 @ 11:13:49 - Found simple product object. ID:49
03-02-2023 @ 11:13:49 - Row :5 - Product imported successfully.
03-02-2023 @ 11:13:49 - ---[ Import ended at 2023-03-02 11:13:49]---
