03-02-2023 @ 11:14:27 - ---[ New import started at 2023-03-02 11:14:27 ] PHP Memory: 256 MB, WP Memory: 40 MB
03-02-2023 @ 11:14:27 - Preparing for import.
03-02-2023 @ 11:14:27 - Row :1 - Parsing item.
03-02-2023 @ 11:14:27 - Importing as new product ID:50
03-02-2023 @ 11:14:27 - Row :1 - Processing item.
03-02-2023 @ 11:14:27 - Found simple product object. ID:50
03-02-2023 @ 11:14:27 - Row :1 - Product imported successfully.
03-02-2023 @ 11:14:27 - Row :2 - Parsing item.
03-02-2023 @ 11:14:27 - Importing as new product ID:51
03-02-2023 @ 11:14:27 - Row :2 - Processing item.
03-02-2023 @ 11:14:27 - Found simple product object. ID:51
03-02-2023 @ 11:14:27 - Row :2 - Product imported successfully.
03-02-2023 @ 11:14:27 - Row :3 - Parsing item.
03-02-2023 @ 11:14:27 - Importing as new product ID:52
03-02-2023 @ 11:14:27 - Row :3 - Processing item.
03-02-2023 @ 11:14:27 - Found simple product object. ID:52
03-02-2023 @ 11:14:27 - Row :3 - Product imported successfully.
03-02-2023 @ 11:14:27 - Row :4 - Parsing item.
03-02-2023 @ 11:14:27 - Importing as new product ID:53
03-02-2023 @ 11:14:27 - Row :4 - Processing item.
03-02-2023 @ 11:14:27 - Found simple product object. ID:53
03-02-2023 @ 11:14:27 - Row :4 - Product imported successfully.
03-02-2023 @ 11:14:27 - Row :5 - Parsing item.
03-02-2023 @ 11:14:27 - Importing as new product ID:54
03-02-2023 @ 11:14:27 - Row :5 - Processing item.
03-02-2023 @ 11:14:27 - Found simple product object. ID:54
03-02-2023 @ 11:14:28 - Row :5 - Product imported successfully.
03-02-2023 @ 11:14:28 - ---[ Import ended at 2023-03-02 11:14:28]---
