03-01-2023 @ 10:00:22 - ---[ New import started at 2023-03-01 10:00:22 ] PHP Memory: 256 MB, WP Memory: 40 MB
03-01-2023 @ 10:00:22 - Preparing for import.
03-01-2023 @ 10:00:22 - Row :1 - Parsing item.
03-01-2023 @ 10:00:22 - Row :1 - Parsing failed. Reason: Content, title, and excerpt are empty.
03-01-2023 @ 10:00:22 - Row :2 - Parsing item.
03-01-2023 @ 10:00:22 - Row :2 - Parsing failed. Reason: Content, title, and excerpt are empty.
03-01-2023 @ 10:00:22 - Row :3 - Parsing item.
03-01-2023 @ 10:00:22 - Row :3 - Parsing failed. Reason: Content, title, and excerpt are empty.
03-01-2023 @ 10:00:22 - Row :4 - Parsing item.
03-01-2023 @ 10:00:22 - Row :4 - Parsing failed. Reason: Content, title, and excerpt are empty.
03-01-2023 @ 10:00:22 - Row :5 - Parsing item.
03-01-2023 @ 10:00:22 - Row :5 - Parsing failed. Reason: Content, title, and excerpt are empty.
03-01-2023 @ 10:00:22 - Row :6 - Parsing item.
03-01-2023 @ 10:00:22 - Row :6 - Parsing failed. Reason: Content, title, and excerpt are empty.
03-01-2023 @ 10:00:22 - Row :7 - Parsing item.
03-01-2023 @ 10:00:22 - Row :7 - Parsing failed. Reason: Content, title, and excerpt are empty.
03-01-2023 @ 10:00:22 - Row :8 - Parsing item.
03-01-2023 @ 10:00:22 - Row :8 - Parsing failed. Reason: Content, title, and excerpt are empty.
03-01-2023 @ 10:00:22 - Row :9 - Parsing item.
03-01-2023 @ 10:00:22 - Row :9 - Parsing failed. Reason: Content, title, and excerpt are empty.
03-01-2023 @ 10:00:22 - Row :10 - Parsing item.
03-01-2023 @ 10:00:22 - Row :10 - Parsing failed. Reason: Content, title, and excerpt are empty.
03-01-2023 @ 10:00:22 - Preparing for import.
03-01-2023 @ 10:00:22 - Row :11 - Parsing item.
03-01-2023 @ 10:00:22 - Row :11 - Parsing failed. Reason: Content, title, and excerpt are empty.
03-01-2023 @ 10:00:22 - ---[ Import ended at 2023-03-01 10:00:22]---
