03-01-2023 @ 10:23:01 - ---[ New import started at 2023-03-01 10:23:01 ] PHP Memory: 256 MB, WP Memory: 40 MB
03-01-2023 @ 10:23:01 - Preparing for import.
03-01-2023 @ 10:23:01 - Row :1 - Parsing item.
03-01-2023 @ 10:23:01 - Row :1 - Parsing failed. Reason: Importing Product(ID) conflicts with an existing post. ID: 1
03-01-2023 @ 10:23:01 - Row :2 - Parsing item.
03-01-2023 @ 10:23:01 - Row :2 - Parsing failed. Reason: Importing Product(ID) conflicts with an existing post. ID: 2
03-01-2023 @ 10:23:01 - Row :3 - Parsing item.
03-01-2023 @ 10:23:01 - Row :3 - Parsing failed. Reason: Importing Product(ID) conflicts with an existing post. ID: 3
03-01-2023 @ 10:23:01 - Row :4 - Parsing item.
03-01-2023 @ 10:23:01 - Importing as new product ID:19
03-01-2023 @ 10:23:01 - Row :4 - Processing item.
03-01-2023 @ 10:23:01 - Found simple product object. ID:19
03-01-2023 @ 10:23:01 - Row :4 - Product imported successfully.
03-01-2023 @ 10:23:01 - Row :5 - Parsing item.
03-01-2023 @ 10:23:01 - Importing as new product ID:20
03-01-2023 @ 10:23:01 - Row :5 - Processing item.
03-01-2023 @ 10:23:01 - Found simple product object. ID:20
03-01-2023 @ 10:23:01 - Row :5 - Product imported successfully.
03-01-2023 @ 10:23:01 - Row :6 - Parsing item.
03-01-2023 @ 10:23:01 - Importing as new product ID:21
03-01-2023 @ 10:23:01 - Row :6 - Processing item.
03-01-2023 @ 10:23:01 - Found simple product object. ID:21
03-01-2023 @ 10:23:01 - Row :6 - Product imported successfully.
03-01-2023 @ 10:23:01 - Row :7 - Parsing item.
03-01-2023 @ 10:23:01 - Importing as new product ID:22
03-01-2023 @ 10:23:01 - Row :7 - Processing item.
03-01-2023 @ 10:23:01 - Found simple product object. ID:22
03-01-2023 @ 10:23:01 - Row :7 - Product imported successfully.
03-01-2023 @ 10:23:01 - Row :8 - Parsing item.
03-01-2023 @ 10:23:01 - Importing as new product ID:23
03-01-2023 @ 10:23:01 - Row :8 - Processing item.
03-01-2023 @ 10:23:01 - Found simple product object. ID:23
03-01-2023 @ 10:23:01 - Row :8 - Product imported successfully.
03-01-2023 @ 10:23:01 - ---[ Import ended at 2023-03-01 10:23:01]---
